{
  "stats": {
    "suites": 0,
    "tests": 1,
    "passes": 1,
    "pending": 0,
    "failures": 0,
    "start": "2026-01-21T13:18:14.542Z",
    "end": "2026-01-21T13:18:29.809Z",
    "duration": 15267,
    "testsRegistered": 1,
    "passPercent": 100,
    "pendingPercent": 0,
    "other": 0,
    "hasOther": false,
    "skipped": 0,
    "hasSkipped": false
  },
  "results": [
    {
      "uuid": "bd5716dd-bbaf-4cc4-a97e-a141d400d3cc",
      "title": "",
      "fullFile": "cypress\\e2e\\youtube.cy.js",
      "file": "cypress\\e2e\\youtube.cy.js",
      "beforeHooks": [],
      "afterHooks": [],
      "tests": [
        {
          "title": "youtube search",
          "fullTitle": "youtube search",
          "timedOut": null,
          "duration": 11186,
          "state": "passed",
          "speed": "slow",
          "pass": true,
          "fail": false,
          "pending": false,
          "context": null,
          "code": "cy.visit('https://www.youtube.com');\ncy.get('[name=\"search_query\"]').type(\"chai or code\");\ncy.get('.ytSearchboxComponentClearButton > .yt-spec-touch-feedback-shape > .yt-spec-touch-feedback-shape__fill').click();\ncy.wait(2000);\ncy.get(':nth-child(3) > #endpoint > #icon > .yt-icon-shape > div').click();\ncy.get(':nth-child(4) > #endpoint > #icon > .yt-icon-shape > div').click();",
          "err": {},
          "uuid": "f1d8f1eb-be4f-4f86-9636-d85daac5d9da",
          "parentUUID": "bd5716dd-bbaf-4cc4-a97e-a141d400d3cc",
          "isHook": false,
          "skipped": false
        }
      ],
      "suites": [],
      "passes": [
        "f1d8f1eb-be4f-4f86-9636-d85daac5d9da"
      ],
      "failures": [],
      "pending": [],
      "skipped": [],
      "duration": 11186,
      "root": true,
      "rootEmpty": false,
      "_timeout": 2000
    }
  ],
  "meta": {
    "mocha": {
      "version": "7.2.0"
    },
    "mochawesome": {
      "options": {
        "quiet": false,
        "reportFilename": "mochawesome",
        "saveHtml": true,
        "saveJson": true,
        "consoleReporter": "spec",
        "useInlineDiffs": false,
        "code": true
      },
      "version": "7.1.4"
    },
    "marge": {
      "options": {
        "charts": true,
        "reportDir": "cypress/reports",
        "overwrite": false,
        "html": true,
        "json": true
      },
      "version": "6.3.2"
    }
  }
}