{
  "stats": {
    "suites": 0,
    "tests": 1,
    "passes": 1,
    "pending": 0,
    "failures": 0,
    "start": "2026-01-21T13:16:11.816Z",
    "end": "2026-01-21T13:16:12.594Z",
    "duration": 778,
    "testsRegistered": 1,
    "passPercent": 100,
    "pendingPercent": 0,
    "other": 0,
    "hasOther": false,
    "skipped": 0,
    "hasSkipped": false
  },
  "results": [
    {
      "uuid": "67904620-ce57-43b3-b92b-0800e0eea701",
      "title": "",
      "fullFile": "cypress\\e2e\\File_download.cy.js",
      "file": "cypress\\e2e\\File_download.cy.js",
      "beforeHooks": [],
      "afterHooks": [],
      "tests": [
        {
          "title": "File Download",
          "fullTitle": "File Download",
          "timedOut": null,
          "duration": 702,
          "state": "passed",
          "speed": "fast",
          "pass": true,
          "fail": false,
          "pending": false,
          "context": null,
          "code": "cy.downloadFile('https://upload.wikimedia.org/wikipedia/en/a/a9/Example.jpg', 'mydownloads', 'example.jpg');",
          "err": {},
          "uuid": "e1dcdf0a-3ce5-44c8-a410-5b2ff9cda16d",
          "parentUUID": "67904620-ce57-43b3-b92b-0800e0eea701",
          "isHook": false,
          "skipped": false
        }
      ],
      "suites": [],
      "passes": [
        "e1dcdf0a-3ce5-44c8-a410-5b2ff9cda16d"
      ],
      "failures": [],
      "pending": [],
      "skipped": [],
      "duration": 702,
      "root": true,
      "rootEmpty": false,
      "_timeout": 2000
    }
  ],
  "meta": {
    "mocha": {
      "version": "7.2.0"
    },
    "mochawesome": {
      "options": {
        "quiet": false,
        "reportFilename": "mochawesome",
        "saveHtml": true,
        "saveJson": true,
        "consoleReporter": "spec",
        "useInlineDiffs": false,
        "code": true
      },
      "version": "7.1.4"
    },
    "marge": {
      "options": {
        "charts": true,
        "reportDir": "cypress/reports",
        "overwrite": false,
        "html": true,
        "json": true
      },
      "version": "6.3.2"
    }
  }
}