{
  "stats": {
    "suites": 0,
    "tests": 1,
    "passes": 1,
    "pending": 0,
    "failures": 0,
    "start": "2026-01-20T13:23:53.160Z",
    "end": "2026-01-20T13:23:53.331Z",
    "duration": 171,
    "testsRegistered": 1,
    "passPercent": 100,
    "pendingPercent": 0,
    "other": 0,
    "hasOther": false,
    "skipped": 0,
    "hasSkipped": false
  },
  "results": [
    {
      "uuid": "76f9bb55-7034-4dc9-a882-004e86c476c4",
      "title": "",
      "fullFile": "cypress\\e2e\\write_File.cy.js",
      "file": "cypress\\e2e\\write_File.cy.js",
      "beforeHooks": [],
      "afterHooks": [],
      "tests": [
        {
          "title": "Write File Using Fixtures",
          "fullTitle": "Write File Using Fixtures",
          "timedOut": null,
          "duration": 135,
          "state": "passed",
          "speed": "fast",
          "pass": true,
          "fail": false,
          "pending": false,
          "context": null,
          "code": "cy.writeFile('sample.txt', 'Hello my name is Om pokar\\n');\ncy.writeFile('sample.txt', 'I am Currently working as QA', {\n  flag: 'a+'\n});",
          "err": {},
          "uuid": "cf08e1fb-bf9d-4036-b9dc-3fa8cd68c3bd",
          "parentUUID": "76f9bb55-7034-4dc9-a882-004e86c476c4",
          "isHook": false,
          "skipped": false
        }
      ],
      "suites": [],
      "passes": [
        "cf08e1fb-bf9d-4036-b9dc-3fa8cd68c3bd"
      ],
      "failures": [],
      "pending": [],
      "skipped": [],
      "duration": 135,
      "root": true,
      "rootEmpty": false,
      "_timeout": 2000
    }
  ],
  "meta": {
    "mocha": {
      "version": "7.2.0"
    },
    "mochawesome": {
      "options": {
        "quiet": false,
        "reportFilename": "mochawesome",
        "saveHtml": true,
        "saveJson": true,
        "consoleReporter": "spec",
        "useInlineDiffs": false,
        "code": true
      },
      "version": "7.1.4"
    },
    "marge": {
      "options": {
        "charts": true,
        "reportDir": "cypress/reports",
        "overwrite": false,
        "html": true,
        "json": true
      },
      "version": "6.3.2"
    }
  }
}