{
  "stats": {
    "suites": 0,
    "tests": 1,
    "passes": 1,
    "pending": 0,
    "failures": 0,
    "start": "2026-01-21T13:16:16.226Z",
    "end": "2026-01-21T13:16:24.558Z",
    "duration": 8332,
    "testsRegistered": 1,
    "passPercent": 100,
    "pendingPercent": 0,
    "other": 0,
    "hasOther": false,
    "skipped": 0,
    "hasSkipped": false
  },
  "results": [
    {
      "uuid": "e8ba4f70-c57c-4fb1-8636-351b0d1f5467",
      "title": "",
      "fullFile": "cypress\\e2e\\File_upload.cy.js",
      "file": "cypress\\e2e\\File_upload.cy.js",
      "beforeHooks": [],
      "afterHooks": [],
      "tests": [
        {
          "title": "File Upload",
          "fullTitle": "File Upload",
          "timedOut": null,
          "duration": 958,
          "state": "passed",
          "speed": "fast",
          "pass": true,
          "fail": false,
          "pending": false,
          "context": null,
          "code": "cy.visit('https://trytestingthis.netlify.app/');\ncy.get('[name=\"myfile\"]').attachFile('assertions cypress');",
          "err": {},
          "uuid": "cea0ba59-7109-4858-bfbd-55b3aee3a7c3",
          "parentUUID": "e8ba4f70-c57c-4fb1-8636-351b0d1f5467",
          "isHook": false,
          "skipped": false
        }
      ],
      "suites": [],
      "passes": [
        "cea0ba59-7109-4858-bfbd-55b3aee3a7c3"
      ],
      "failures": [],
      "pending": [],
      "skipped": [],
      "duration": 958,
      "root": true,
      "rootEmpty": false,
      "_timeout": 2000
    }
  ],
  "meta": {
    "mocha": {
      "version": "7.2.0"
    },
    "mochawesome": {
      "options": {
        "quiet": false,
        "reportFilename": "mochawesome",
        "saveHtml": true,
        "saveJson": true,
        "consoleReporter": "spec",
        "useInlineDiffs": false,
        "code": true
      },
      "version": "7.1.4"
    },
    "marge": {
      "options": {
        "charts": true,
        "reportDir": "cypress/reports",
        "overwrite": false,
        "html": true,
        "json": true
      },
      "version": "6.3.2"
    }
  }
}