{
  "stats": {
    "suites": 0,
    "tests": 2,
    "passes": 2,
    "pending": 0,
    "failures": 0,
    "start": "2026-01-20T13:23:36.438Z",
    "end": "2026-01-20T13:23:36.656Z",
    "duration": 218,
    "testsRegistered": 2,
    "passPercent": 100,
    "pendingPercent": 0,
    "other": 0,
    "hasOther": false,
    "skipped": 0,
    "hasSkipped": false
  },
  "results": [
    {
      "uuid": "524a9d87-fdf9-4184-9093-a5db300c62e4",
      "title": "",
      "fullFile": "cypress\\e2e\\read_write_file.cy.js",
      "file": "cypress\\e2e\\read_write_file.cy.js",
      "beforeHooks": [],
      "afterHooks": [],
      "tests": [
        {
          "title": "Read files using Fixtures",
          "fullTitle": "Read files using Fixtures",
          "timedOut": null,
          "duration": 110,
          "state": "passed",
          "speed": "fast",
          "pass": true,
          "fail": false,
          "pending": false,
          "context": null,
          "code": "cy.fixture('example').then(Text => {\n  cy.log(Text.name);\n  cy.log(Text.email);\n  cy.log(Text.body);\n});\ncy.log(this.test_data.name);\ncy.log(this.test_data.email);\ncy.log(this.test_data.ody);",
          "err": {},
          "uuid": "0801e18e-3b10-4ef5-a24a-2ee79de80d75",
          "parentUUID": "524a9d87-fdf9-4184-9093-a5db300c62e4",
          "isHook": false,
          "skipped": false
        },
        {
          "title": "Read file using Readfile()",
          "fullTitle": "Read file using Readfile()",
          "timedOut": null,
          "duration": 51,
          "state": "passed",
          "speed": "fast",
          "pass": true,
          "fail": false,
          "pending": false,
          "context": null,
          "code": "cy.readFile('./cypress/fixtures/example.json').then(data => {\n  cy.log(data.name);\n});",
          "err": {},
          "uuid": "f3a64379-535a-4c23-a197-d8dac080e482",
          "parentUUID": "524a9d87-fdf9-4184-9093-a5db300c62e4",
          "isHook": false,
          "skipped": false
        }
      ],
      "suites": [],
      "passes": [
        "0801e18e-3b10-4ef5-a24a-2ee79de80d75",
        "f3a64379-535a-4c23-a197-d8dac080e482"
      ],
      "failures": [],
      "pending": [],
      "skipped": [],
      "duration": 161,
      "root": true,
      "rootEmpty": false,
      "_timeout": 2000
    }
  ],
  "meta": {
    "mocha": {
      "version": "7.2.0"
    },
    "mochawesome": {
      "options": {
        "quiet": false,
        "reportFilename": "mochawesome",
        "saveHtml": true,
        "saveJson": true,
        "consoleReporter": "spec",
        "useInlineDiffs": false,
        "code": true
      },
      "version": "7.1.4"
    },
    "marge": {
      "options": {
        "charts": true,
        "reportDir": "cypress/reports",
        "overwrite": false,
        "html": true,
        "json": true
      },
      "version": "6.3.2"
    }
  }
}