{
  "stats": {
    "suites": 0,
    "tests": 1,
    "passes": 1,
    "pending": 1,
    "failures": -1,
    "start": "2026-01-21T13:16:28.026Z",
    "end": "2026-01-21T13:16:51.564Z",
    "duration": 23538,
    "testsRegistered": 2,
    "passPercent": 100,
    "pendingPercent": 50,
    "other": 1,
    "hasOther": true,
    "skipped": 0,
    "hasSkipped": false
  },
  "results": [
    {
      "uuid": "b44f2655-8b73-428d-a96b-92765272e5a7",
      "title": "",
      "fullFile": "cypress\\e2e\\checking_all_cmds.cy.js",
      "file": "cypress\\e2e\\checking_all_cmds.cy.js",
      "beforeHooks": [],
      "afterHooks": [],
      "tests": [
        {
          "title": "Checking commnad URL",
          "fullTitle": "Checking commnad URL",
          "timedOut": null,
          "duration": 0,
          "state": "pending",
          "speed": null,
          "pass": false,
          "fail": false,
          "pending": true,
          "context": null,
          "code": "cy.visit('https://trytestingthis.netlify.app/');\ncy.url().should('include', 'trytesting'); //checking URL\ncy.get('[name=\"fname\"]').should('be.visible').should('be.enabled').type('om Pokar'); //input box\ncy.get('[name=\"lname\"]').should('be.visible').should('be.enabled').type('Hi its A Demo Script');\ncy.title().should('eq', 'Try Testing This'); //checking title\ncy.get('#male').should('be.visible').should('not.be.checked').click(); //checking radio button\ncy.get('#female').should('be.visible').should('not.be.checked').click();\ncy.get('[name=\"option1\"]').check().should('be.checked').and('have.value', 'Option 1'); //checking check box\ncy.get('[name=\"option2\"]').check().should('be.checked').and('have.value', 'Option 2');\ncy.get('[name=\"option3\"]').check().should('be.checked').and('have.value', 'Option 3');\ncy.get('[name=\"option\"]').select('Option 1').should('have.value', 'option 1'); //checking dropdown\ncy.get('[name=\"Options\"]').type('c');\ncy.get('[name=\"Options\"]').press('{downArrow}');",
          "err": {},
          "uuid": "30fa2b75-ff06-4647-85cf-a3d9126f78b6",
          "parentUUID": "b44f2655-8b73-428d-a96b-92765272e5a7",
          "isHook": false,
          "skipped": false
        },
        {
          "title": "checking forward and backword",
          "fullTitle": "checking forward and backword",
          "timedOut": null,
          "duration": 17032,
          "state": "passed",
          "speed": "slow",
          "pass": true,
          "fail": false,
          "pending": false,
          "context": null,
          "code": "cy.visit('https://automationexercise.com');\ncy.get('.shop-menu > .nav > :nth-child(2) > a').click();\ncy.get('.shop-menu > .nav > :nth-child(3) > a').click();\ncy.get('.shop-menu > .nav > :nth-child(4) > a').click();\ncy.go('back');\ncy.url().should('include', 'view_cart'); //we can also add should contain title insteed of url\ncy.go('forward');\ncy.url().should('include', 'login');\ncy.go(-1);\ncy.url().should('include', 'view_cart');\ncy.go(1);\ncy.url().should('include', 'login');",
          "err": {},
          "uuid": "937e1ad8-7676-4b70-baaf-e265476396b3",
          "parentUUID": "b44f2655-8b73-428d-a96b-92765272e5a7",
          "isHook": false,
          "skipped": false
        }
      ],
      "suites": [],
      "passes": [
        "937e1ad8-7676-4b70-baaf-e265476396b3"
      ],
      "failures": [],
      "pending": [
        "30fa2b75-ff06-4647-85cf-a3d9126f78b6"
      ],
      "skipped": [],
      "duration": 17032,
      "root": true,
      "rootEmpty": false,
      "_timeout": 2000
    }
  ],
  "meta": {
    "mocha": {
      "version": "7.2.0"
    },
    "mochawesome": {
      "options": {
        "quiet": false,
        "reportFilename": "mochawesome",
        "saveHtml": true,
        "saveJson": true,
        "consoleReporter": "spec",
        "useInlineDiffs": false,
        "code": true
      },
      "version": "7.1.4"
    },
    "marge": {
      "options": {
        "charts": true,
        "reportDir": "cypress/reports",
        "overwrite": false,
        "html": true,
        "json": true
      },
      "version": "6.3.2"
    }
  }
}