{
  "stats": {
    "suites": 0,
    "tests": 1,
    "passes": 1,
    "pending": 0,
    "failures": 0,
    "start": "2026-01-20T13:23:56.421Z",
    "end": "2026-01-20T13:24:10.047Z",
    "duration": 13626,
    "testsRegistered": 1,
    "passPercent": 100,
    "pendingPercent": 0,
    "other": 0,
    "hasOther": false,
    "skipped": 0,
    "hasSkipped": false
  },
  "results": [
    {
      "uuid": "c651dee9-3d6e-41b4-89bd-25f3a2bba33a",
      "title": "",
      "fullFile": "cypress\\e2e\\youtube.cy.js",
      "file": "cypress\\e2e\\youtube.cy.js",
      "beforeHooks": [],
      "afterHooks": [],
      "tests": [
        {
          "title": "youtube search",
          "fullTitle": "youtube search",
          "timedOut": null,
          "duration": 10150,
          "state": "passed",
          "speed": "slow",
          "pass": true,
          "fail": false,
          "pending": false,
          "context": null,
          "code": "cy.visit('https://www.youtube.com');\ncy.get('[name=\"search_query\"]').type(\"chai or code\");\ncy.get('.ytSearchboxComponentClearButton > .yt-spec-touch-feedback-shape > .yt-spec-touch-feedback-shape__fill').click();\ncy.wait(2000);\ncy.get(':nth-child(3) > #endpoint > #icon > .yt-icon-shape > div').click();\ncy.get(':nth-child(4) > #endpoint > #icon > .yt-icon-shape > div').click();",
          "err": {},
          "uuid": "f88e2c01-acd0-406d-bc27-868c79dd1309",
          "parentUUID": "c651dee9-3d6e-41b4-89bd-25f3a2bba33a",
          "isHook": false,
          "skipped": false
        }
      ],
      "suites": [],
      "passes": [
        "f88e2c01-acd0-406d-bc27-868c79dd1309"
      ],
      "failures": [],
      "pending": [],
      "skipped": [],
      "duration": 10150,
      "root": true,
      "rootEmpty": false,
      "_timeout": 2000
    }
  ],
  "meta": {
    "mocha": {
      "version": "7.2.0"
    },
    "mochawesome": {
      "options": {
        "quiet": false,
        "reportFilename": "mochawesome",
        "saveHtml": true,
        "saveJson": true,
        "consoleReporter": "spec",
        "useInlineDiffs": false,
        "code": true
      },
      "version": "7.1.4"
    },
    "marge": {
      "options": {
        "charts": true,
        "reportDir": "cypress/reports",
        "overwrite": false,
        "html": true,
        "json": true
      },
      "version": "6.3.2"
    }
  }
}