{
  "stats": {
    "suites": 0,
    "tests": 1,
    "passes": 1,
    "pending": 0,
    "failures": 0,
    "start": "2026-01-20T13:22:36.021Z",
    "end": "2026-01-20T13:22:37.919Z",
    "duration": 1898,
    "testsRegistered": 1,
    "passPercent": 100,
    "pendingPercent": 0,
    "other": 0,
    "hasOther": false,
    "skipped": 0,
    "hasSkipped": false
  },
  "results": [
    {
      "uuid": "a60caceb-d833-4442-b609-4c3d60cf3fcc",
      "title": "",
      "fullFile": "cypress\\e2e\\File_download.cy.js",
      "file": "cypress\\e2e\\File_download.cy.js",
      "beforeHooks": [],
      "afterHooks": [],
      "tests": [
        {
          "title": "File Download",
          "fullTitle": "File Download",
          "timedOut": null,
          "duration": 1868,
          "state": "passed",
          "speed": "fast",
          "pass": true,
          "fail": false,
          "pending": false,
          "context": null,
          "code": "cy.downloadFile('https://upload.wikimedia.org/wikipedia/en/a/a9/Example.jpg', 'mydownloads', 'example.jpg');",
          "err": {},
          "uuid": "0ff4160f-4c5f-4efb-adca-2613198a28fb",
          "parentUUID": "a60caceb-d833-4442-b609-4c3d60cf3fcc",
          "isHook": false,
          "skipped": false
        }
      ],
      "suites": [],
      "passes": [
        "0ff4160f-4c5f-4efb-adca-2613198a28fb"
      ],
      "failures": [],
      "pending": [],
      "skipped": [],
      "duration": 1868,
      "root": true,
      "rootEmpty": false,
      "_timeout": 2000
    }
  ],
  "meta": {
    "mocha": {
      "version": "7.2.0"
    },
    "mochawesome": {
      "options": {
        "quiet": false,
        "reportFilename": "mochawesome",
        "saveHtml": true,
        "saveJson": true,
        "consoleReporter": "spec",
        "useInlineDiffs": false,
        "code": true
      },
      "version": "7.1.4"
    },
    "marge": {
      "options": {
        "charts": true,
        "reportDir": "cypress/reports",
        "overwrite": false,
        "html": true,
        "json": true
      },
      "version": "6.3.2"
    }
  }
}