{
  "stats": {
    "suites": 0,
    "tests": 1,
    "passes": 1,
    "pending": 0,
    "failures": 0,
    "start": "2026-01-21T13:17:04.425Z",
    "end": "2026-01-21T13:17:23.197Z",
    "duration": 18772,
    "testsRegistered": 1,
    "passPercent": 100,
    "pendingPercent": 0,
    "other": 0,
    "hasOther": false,
    "skipped": 0,
    "hasSkipped": false
  },
  "results": [
    {
      "uuid": "d2c58a62-3be9-4716-a18e-e00d1da13510",
      "title": "",
      "fullFile": "cypress\\e2e\\ecommerce.cy.js",
      "file": "cypress\\e2e\\ecommerce.cy.js",
      "beforeHooks": [],
      "afterHooks": [],
      "tests": [
        {
          "title": "Ecommerce example",
          "fullTitle": "Ecommerce example",
          "timedOut": null,
          "duration": 13975,
          "state": "passed",
          "speed": "slow",
          "pass": true,
          "fail": false,
          "pending": false,
          "context": null,
          "code": "cy.visit('https://automationexercise.com');\ncy.get('.shop-menu > .nav > :nth-child(1) > a').click();\ncy.get('.shop-menu > .nav > :nth-child(2) > a').click();\ncy.get('.shop-menu > .nav > :nth-child(3) > a').click();\ncy.get('.shop-menu > .nav > :nth-child(4) > a').click();\ncy.get('.shop-menu > .nav > :nth-child(5) > a').click();\n//assertions implicit\ncy.get('.shop-menu > .nav > :nth-child(6) > a').should('be.visible').and('contain', 'API Testing').find('i').should('have.class', 'fa-list');\n//assertion explicit\nexpect(true).to.be.true;",
          "err": {},
          "uuid": "842c4fa0-0945-4acb-8499-f2b810f364a3",
          "parentUUID": "d2c58a62-3be9-4716-a18e-e00d1da13510",
          "isHook": false,
          "skipped": false
        }
      ],
      "suites": [],
      "passes": [
        "842c4fa0-0945-4acb-8499-f2b810f364a3"
      ],
      "failures": [],
      "pending": [],
      "skipped": [],
      "duration": 13975,
      "root": true,
      "rootEmpty": false,
      "_timeout": 2000
    }
  ],
  "meta": {
    "mocha": {
      "version": "7.2.0"
    },
    "mochawesome": {
      "options": {
        "quiet": false,
        "reportFilename": "mochawesome",
        "saveHtml": true,
        "saveJson": true,
        "consoleReporter": "spec",
        "useInlineDiffs": false,
        "code": true
      },
      "version": "7.1.4"
    },
    "marge": {
      "options": {
        "charts": true,
        "reportDir": "cypress/reports",
        "overwrite": false,
        "html": true,
        "json": true
      },
      "version": "6.3.2"
    }
  }
}