{
  "stats": {
    "suites": 1,
    "tests": 3,
    "passes": 2,
    "pending": 1,
    "failures": 0,
    "start": "2026-01-21T13:17:26.524Z",
    "end": "2026-01-21T13:17:49.392Z",
    "duration": 22868,
    "testsRegistered": 3,
    "passPercent": 100,
    "pendingPercent": 33.33333333333333,
    "other": 0,
    "hasOther": false,
    "skipped": 0,
    "hasSkipped": false
  },
  "results": [
    {
      "uuid": "cbf5e4ab-8a4a-4704-a521-c6bbcc944785",
      "title": "",
      "fullFile": "cypress\\e2e\\pom.cy.js",
      "file": "cypress\\e2e\\pom.cy.js",
      "beforeHooks": [],
      "afterHooks": [],
      "tests": [],
      "suites": [
        {
          "uuid": "3444be8f-9284-4ac0-b84a-749aab849e0d",
          "title": "All Login Tests",
          "fullFile": "",
          "file": "",
          "beforeHooks": [],
          "afterHooks": [],
          "tests": [
            {
              "title": "Login With Valid Credentials",
              "fullTitle": "All Login Tests Login With Valid Credentials",
              "timedOut": null,
              "duration": 12489,
              "state": "passed",
              "speed": "slow",
              "pass": true,
              "fail": false,
              "pending": false,
              "context": null,
              "code": "loginPage.enterUsername('admin');\nloginPage.enterPassword('admin123');\nloginPage.clickLogin();",
              "err": {},
              "uuid": "870840a5-cf5f-496c-9606-b27ccd9138d2",
              "parentUUID": "3444be8f-9284-4ac0-b84a-749aab849e0d",
              "isHook": false,
              "skipped": false
            },
            {
              "title": "Login With InValid Credentials",
              "fullTitle": "All Login Tests Login With InValid Credentials",
              "timedOut": null,
              "duration": 5493,
              "state": "passed",
              "speed": "medium",
              "pass": true,
              "fail": false,
              "pending": false,
              "context": null,
              "code": "loginPage.enterUsername('Admin');\nloginPage.enterPassword('admin12');\nloginPage.clickLogin();",
              "err": {},
              "uuid": "bc1823f6-9f95-49ea-950c-a529c57aef2f",
              "parentUUID": "3444be8f-9284-4ac0-b84a-749aab849e0d",
              "isHook": false,
              "skipped": false
            },
            {
              "title": "page object model 2",
              "fullTitle": "All Login Tests page object model 2",
              "timedOut": null,
              "duration": 0,
              "state": "pending",
              "speed": null,
              "pass": false,
              "fail": false,
              "pending": true,
              "context": null,
              "code": "loginPage.enterUsername('Admin');\nloginPage.enterPassword('Admin123');\nloginPage.clickLogin();",
              "err": {},
              "uuid": "fd437f57-ab8b-438d-b807-24bba525ab96",
              "parentUUID": "3444be8f-9284-4ac0-b84a-749aab849e0d",
              "isHook": false,
              "skipped": false
            }
          ],
          "suites": [],
          "passes": [
            "870840a5-cf5f-496c-9606-b27ccd9138d2",
            "bc1823f6-9f95-49ea-950c-a529c57aef2f"
          ],
          "failures": [],
          "pending": [
            "fd437f57-ab8b-438d-b807-24bba525ab96"
          ],
          "skipped": [],
          "duration": 17982,
          "root": false,
          "rootEmpty": false,
          "_timeout": 2000
        }
      ],
      "passes": [],
      "failures": [],
      "pending": [],
      "skipped": [],
      "duration": 0,
      "root": true,
      "rootEmpty": true,
      "_timeout": 2000
    }
  ],
  "meta": {
    "mocha": {
      "version": "7.2.0"
    },
    "mochawesome": {
      "options": {
        "quiet": false,
        "reportFilename": "mochawesome",
        "saveHtml": true,
        "saveJson": true,
        "consoleReporter": "spec",
        "useInlineDiffs": false,
        "code": true
      },
      "version": "7.1.4"
    },
    "marge": {
      "options": {
        "charts": true,
        "reportDir": "cypress/reports",
        "overwrite": false,
        "html": true,
        "json": true
      },
      "version": "6.3.2"
    }
  }
}