{
  "stats": {
    "suites": 0,
    "tests": 2,
    "passes": 2,
    "pending": 0,
    "failures": 0,
    "start": "2026-01-21T13:17:53.336Z",
    "end": "2026-01-21T13:17:53.621Z",
    "duration": 285,
    "testsRegistered": 2,
    "passPercent": 100,
    "pendingPercent": 0,
    "other": 0,
    "hasOther": false,
    "skipped": 0,
    "hasSkipped": false
  },
  "results": [
    {
      "uuid": "1045173f-e9de-48cb-896d-76b9494605a7",
      "title": "",
      "fullFile": "cypress\\e2e\\read_write_file.cy.js",
      "file": "cypress\\e2e\\read_write_file.cy.js",
      "beforeHooks": [],
      "afterHooks": [],
      "tests": [
        {
          "title": "Read files using Fixtures",
          "fullTitle": "Read files using Fixtures",
          "timedOut": null,
          "duration": 141,
          "state": "passed",
          "speed": "fast",
          "pass": true,
          "fail": false,
          "pending": false,
          "context": null,
          "code": "cy.fixture('example').then(Text => {\n  cy.log(Text.name);\n  cy.log(Text.email);\n  cy.log(Text.body);\n});\ncy.log(this.test_data.name);\ncy.log(this.test_data.email);\ncy.log(this.test_data.ody);",
          "err": {},
          "uuid": "9d01c9b3-9b0e-4e7b-9995-11c968217416",
          "parentUUID": "1045173f-e9de-48cb-896d-76b9494605a7",
          "isHook": false,
          "skipped": false
        },
        {
          "title": "Read file using Readfile()",
          "fullTitle": "Read file using Readfile()",
          "timedOut": null,
          "duration": 64,
          "state": "passed",
          "speed": "fast",
          "pass": true,
          "fail": false,
          "pending": false,
          "context": null,
          "code": "cy.readFile('./cypress/fixtures/example.json').then(data => {\n  cy.log(data.name);\n});",
          "err": {},
          "uuid": "2f07f2b9-0b63-45ec-8c2d-2aaea81c0e17",
          "parentUUID": "1045173f-e9de-48cb-896d-76b9494605a7",
          "isHook": false,
          "skipped": false
        }
      ],
      "suites": [],
      "passes": [
        "9d01c9b3-9b0e-4e7b-9995-11c968217416",
        "2f07f2b9-0b63-45ec-8c2d-2aaea81c0e17"
      ],
      "failures": [],
      "pending": [],
      "skipped": [],
      "duration": 205,
      "root": true,
      "rootEmpty": false,
      "_timeout": 2000
    }
  ],
  "meta": {
    "mocha": {
      "version": "7.2.0"
    },
    "mochawesome": {
      "options": {
        "quiet": false,
        "reportFilename": "mochawesome",
        "saveHtml": true,
        "saveJson": true,
        "consoleReporter": "spec",
        "useInlineDiffs": false,
        "code": true
      },
      "version": "7.1.4"
    },
    "marge": {
      "options": {
        "charts": true,
        "reportDir": "cypress/reports",
        "overwrite": false,
        "html": true,
        "json": true
      },
      "version": "6.3.2"
    }
  }
}